<?xml version="1.0" encoding="UTF-8"?>
<!-- Generated by org.testng.reporters.JUnitXMLReporter -->
<testsuite hostname="DESKTOP-K3FHSFB" ignored="0" name="Default test" tests="5" failures="0" timestamp="06 Jan 2019 11:25:55 GMT" time="299.743" errors="0">
  <testcase name="verifyContactPageTest" time="0.105" classname="com.crm.qa.testcase.ContactsPageTest"/>
  <testcase name="selectContactTest" time="0.181" classname="com.crm.qa.testcase.ContactsPageTest"/>
  <testcase name="createContactTest" time="17.332" classname="com.crm.qa.testcase.ContactsPageTest"/>
  <testcase name="createContactTest" time="15.153" classname="com.crm.qa.testcase.ContactsPageTest"/>
  <testcase name="createContactTest" time="10.763" classname="com.crm.qa.testcase.ContactsPageTest"/>
</testsuite> <!-- Default test -->
