<?xml version="1.0" encoding="UTF-8"?>
<!-- Generated by org.testng.reporters.JUnitXMLReporter -->
<testsuite hostname="DESKTOP-K3FHSFB" ignored="0" name="Smoke Test" tests="7" failures="1" timestamp="27 Jan 2019 06:55:10 GMT" time="152.084" errors="0">
  <testcase name="validatePageTitleTest" time="0.056" classname="com.crm.qa.testcase.LoginPageTest"/>
  <testcase name="validateCRMLogoTest" time="0.437" classname="com.crm.qa.testcase.LoginPageTest">
    <skipped/>
  </testcase> <!-- validateCRMLogoTest -->
  <testcase name="validateCRMLogoTest" time="0.081" classname="com.crm.qa.testcase.LoginPageTest">
    <skipped/>
  </testcase> <!-- validateCRMLogoTest -->
  <testcase name="validateCRMLogoTest" time="0.072" classname="com.crm.qa.testcase.LoginPageTest">
    <skipped/>
  </testcase> <!-- validateCRMLogoTest -->
  <testcase name="validateCRMLogoTest" time="0.073" classname="com.crm.qa.testcase.LoginPageTest">
    <failure type="java.lang.NullPointerException">
      <![CDATA[java.lang.NullPointerException
	at com.crm.qa.testcase.LoginPageTest.validateCRMLogoTest(LoginPageTest.java:51)
... Removed 25 stack frames]]>
    </failure>
  </testcase> <!-- validateCRMLogoTest -->
  <testcase name="loginTest" time="52.213" classname="com.crm.qa.testcase.LoginPageTest">
    <skipped/>
  </testcase> <!-- loginTest -->
  <testcase name="loginTest" time="7.193" classname="com.crm.qa.testcase.LoginPageTest"/>
</testsuite> <!-- Smoke Test -->
