<?xml version="1.0" encoding="UTF-8"?>
<!-- Generated by org.testng.reporters.JUnitXMLReporter -->
<testsuite hostname="DESKTOP-K3FHSFB" ignored="0" name="Smoke Test" tests="12" failures="4" timestamp="27 Jan 2019 05:04:34 GMT" time="343.01" errors="0">
  <testcase name="@BeforeMethod openBrowser" time="23.497" classname="com.crm.qa.testcase.ContactsPageTest">
    <failure type="java.lang.NullPointerException">
      <![CDATA[java.lang.NullPointerException
	at com.crm.qa.util.TestUtil.switchToFrame(TestUtil.java:61)
	at com.crm.qa.testcase.ContactsPageTest.openBrowser(ContactsPageTest.java:35)
... Removed 31 stack frames]]>
    </failure>
  </testcase> <!-- @BeforeMethod openBrowser -->
  <testcase name="@BeforeMethod openBrowser" time="0.0" classname="com.crm.qa.testcase.ContactsPageTest">
    <skipped/>
  </testcase> <!-- @BeforeMethod openBrowser -->
  <testcase name="@BeforeMethod openBrowser" time="0.0" classname="com.crm.qa.testcase.ContactsPageTest">
    <skipped/>
  </testcase> <!-- @BeforeMethod openBrowser -->
  <testcase name="@BeforeMethod openBrowser" time="0.0" classname="com.crm.qa.testcase.ContactsPageTest">
    <skipped/>
  </testcase> <!-- @BeforeMethod openBrowser -->
  <testcase name="@BeforeMethod openBrowser" time="0.0" classname="com.crm.qa.testcase.ContactsPageTest">
    <skipped/>
  </testcase> <!-- @BeforeMethod openBrowser -->
  <testcase name="validatePageTitleTest" time="0.254" classname="com.crm.qa.testcase.LoginPageTest"/>
  <testcase name="validateCRMLogoTest" time="2.235" classname="com.crm.qa.testcase.LoginPageTest">
    <failure type="java.lang.NullPointerException">
      <![CDATA[java.lang.NullPointerException
	at com.crm.qa.testcase.LoginPageTest.validateCRMLogoTest(LoginPageTest.java:51)
... Removed 29 stack frames]]>
    </failure>
  </testcase> <!-- validateCRMLogoTest -->
  <testcase name="loginTest" time="16.884" classname="com.crm.qa.testcase.LoginPageTest"/>
  <testcase name="verifyTitleTest" time="0.144" classname="com.crm.qa.testcase.HomePageTest"/>
  <testcase name="verifyNameTest" time="0.0" classname="com.crm.qa.testcase.HomePageTest">
    <failure type="java.lang.NullPointerException">
      <![CDATA[java.lang.NullPointerException
	at com.crm.qa.util.TestUtil.switchToFrame(TestUtil.java:61)
	at com.crm.qa.testcase.HomePageTest.verifyNameTest(HomePageTest.java:42)
... Removed 29 stack frames]]>
    </failure>
  </testcase> <!-- verifyNameTest -->
  <testcase name="clickContactsTest" time="0.001" classname="com.crm.qa.testcase.HomePageTest">
    <failure type="java.lang.NullPointerException">
      <![CDATA[java.lang.NullPointerException
	at com.crm.qa.util.TestUtil.switchToFrame(TestUtil.java:61)
	at com.crm.qa.testcase.HomePageTest.clickContactsTest(HomePageTest.java:52)
... Removed 29 stack frames]]>
    </failure>
  </testcase> <!-- clickContactsTest -->
  <testcase name="clickDealsTest" time="0.001" classname="com.crm.qa.testcase.HomePageTest">
    <failure type="java.lang.NullPointerException">
      <![CDATA[java.lang.NullPointerException
	at com.crm.qa.util.TestUtil.switchToFrame(TestUtil.java:61)
	at com.crm.qa.testcase.HomePageTest.clickDealsTest(HomePageTest.java:59)
... Removed 29 stack frames]]>
    </failure>
  </testcase> <!-- clickDealsTest -->
  <testcase name="verifyContactPageTest" time="0.019" classname="com.crm.qa.testcase.ContactsPageTest">
    <skipped/>
  </testcase> <!-- verifyContactPageTest -->
  <testcase name="selectContactTest" time="0.0" classname="com.crm.qa.testcase.ContactsPageTest">
    <skipped/>
  </testcase> <!-- selectContactTest -->
  <testcase name="createContactTest" time="0.0" classname="com.crm.qa.testcase.ContactsPageTest">
    <skipped/>
  </testcase> <!-- createContactTest -->
  <testcase name="createContactTest" time="0.0" classname="com.crm.qa.testcase.ContactsPageTest">
    <skipped/>
  </testcase> <!-- createContactTest -->
  <testcase name="createContactTest" time="0.0" classname="com.crm.qa.testcase.ContactsPageTest">
    <skipped/>
  </testcase> <!-- createContactTest -->
</testsuite> <!-- Smoke Test -->
