<?xml version="1.0" encoding="UTF-8"?>
<testsuite xmlns:xsi="http://www.w3.org/2001/XMLSchema-instance" xsi:noNamespaceSchemaLocation="https://maven.apache.org/surefire/maven-surefire-plugin/xsd/surefire-test-report-3.0.xsd" version="3.0" name="TestSuite" time="352.682" tests="17" errors="0" skipped="9" failures="5">
  <properties>
[...]
</properties>
  <testcase name="validatePageTitleTest" classname="com.crm.qa.testcase.LoginPageTest" time="0.256"/>
  <testcase name="validateCRMLogoTest" classname="com.crm.qa.testcase.LoginPageTest" time="2.305">
    <failure type="java.lang.NullPointerException">java.lang.NullPointerException
	at com.crm.qa.testcase.LoginPageTest.validateCRMLogoTest(LoginPageTest.java:51)
</failure>
    <system-out><![CDATA[Before navigating to: 'https://www.freecrm.com'
Navigated to:'https://www.freecrm.com'
Trying to find Element By : By.xpath: //img[contains(@class,'img-responsive')]
Found Element By : By.xpath: //img[contains(@class,'img-responsive')]
]]></system-out>
    <system-err><![CDATA[Starting ChromeDriver 2.45.615291 (ec3682e3c9061c10f26ea9e5cdcf3c53f3f74387) on port 9197
Only local connections are allowed.
Jan 27, 2019 10:29:45 AM org.openqa.selenium.remote.ProtocolHandshake createSession
INFO: Detected dialect: OSS
]]></system-err>
  </testcase>
  <testcase name="loginTest" classname="com.crm.qa.testcase.LoginPageTest" time="16.885"/>
  <testcase name="verifyTitleTest" classname="com.crm.qa.testcase.HomePageTest" time="0.145"/>
  <testcase name="verifyNameTest" classname="com.crm.qa.testcase.HomePageTest" time="0.001">
    <failure type="java.lang.NullPointerException">java.lang.NullPointerException
	at com.crm.qa.testcase.HomePageTest.verifyNameTest(HomePageTest.java:42)
</failure>
    <system-out><![CDATA[Before navigating to: 'https://www.freecrm.com'
Navigated to:'https://www.freecrm.com'
Trying to find Element By : By.name: username
Found Element By : By.name: username
Trying to find Element By : By.name: password
Found Element By : By.name: password
Trying to find Element By : By.xpath: //input[@type='submit']
Found Element By : By.xpath: //input[@type='submit']
]]></system-out>
    <system-err><![CDATA[Starting ChromeDriver 2.45.615291 (ec3682e3c9061c10f26ea9e5cdcf3c53f3f74387) on port 44609
Only local connections are allowed.
Jan 27, 2019 10:31:30 AM org.openqa.selenium.remote.ProtocolHandshake createSession
INFO: Detected dialect: OSS
]]></system-err>
  </testcase>
  <testcase name="clickContactsTest" classname="com.crm.qa.testcase.HomePageTest" time="0.001">
    <failure type="java.lang.NullPointerException">java.lang.NullPointerException
	at com.crm.qa.testcase.HomePageTest.clickContactsTest(HomePageTest.java:52)
</failure>
    <system-out><![CDATA[Before navigating to: 'https://www.freecrm.com'
Navigated to:'https://www.freecrm.com'
Trying to find Element By : By.name: username
Found Element By : By.name: username
Trying to find Element By : By.name: password
Found Element By : By.name: password
Trying to find Element By : By.xpath: //input[@type='submit']
Found Element By : By.xpath: //input[@type='submit']
]]></system-out>
    <system-err><![CDATA[Starting ChromeDriver 2.45.615291 (ec3682e3c9061c10f26ea9e5cdcf3c53f3f74387) on port 2078
Only local connections are allowed.
Jan 27, 2019 10:32:05 AM org.openqa.selenium.remote.ProtocolHandshake createSession
INFO: Detected dialect: OSS
]]></system-err>
  </testcase>
  <testcase name="clickDealsTest" classname="com.crm.qa.testcase.HomePageTest" time="0">
    <failure type="java.lang.NullPointerException">java.lang.NullPointerException
	at com.crm.qa.testcase.HomePageTest.clickDealsTest(HomePageTest.java:59)
</failure>
    <system-out><![CDATA[Before navigating to: 'https://www.freecrm.com'
Navigated to:'https://www.freecrm.com'
Trying to find Element By : By.name: username
Found Element By : By.name: username
Trying to find Element By : By.name: password
Found Element By : By.name: password
Trying to find Element By : By.xpath: //input[@type='submit']
Found Element By : By.xpath: //input[@type='submit']
]]></system-out>
    <system-err><![CDATA[Starting ChromeDriver 2.45.615291 (ec3682e3c9061c10f26ea9e5cdcf3c53f3f74387) on port 30814
Only local connections are allowed.
Jan 27, 2019 10:33:16 AM org.openqa.selenium.remote.ProtocolHandshake createSession
INFO: Detected dialect: OSS
]]></system-err>
  </testcase>
  <testcase name="openBrowser" classname="com.crm.qa.testcase.ContactsPageTest" time="23.737">
    <failure type="java.lang.NullPointerException">java.lang.NullPointerException
	at com.crm.qa.testcase.ContactsPageTest.openBrowser(ContactsPageTest.java:35)
</failure>
    <system-out><![CDATA[Before navigating to: 'https://www.freecrm.com'
Navigated to:'https://www.freecrm.com'
Trying to find Element By : By.name: username
Found Element By : By.name: username
Trying to find Element By : By.name: password
Found Element By : By.name: password
Trying to find Element By : By.xpath: //input[@type='submit']
Found Element By : By.xpath: //input[@type='submit']
]]></system-out>
    <system-err><![CDATA[Starting ChromeDriver 2.45.615291 (ec3682e3c9061c10f26ea9e5cdcf3c53f3f74387) on port 8594
Only local connections are allowed.
Jan 27, 2019 10:34:09 AM org.openqa.selenium.remote.ProtocolHandshake createSession
INFO: Detected dialect: OSS
]]></system-err>
  </testcase>
  <testcase name="openBrowser" classname="com.crm.qa.testcase.ContactsPageTest" time="0">
    <skipped/>
  </testcase>
  <testcase name="openBrowser" classname="com.crm.qa.testcase.ContactsPageTest" time="0">
    <skipped/>
  </testcase>
  <testcase name="openBrowser" classname="com.crm.qa.testcase.ContactsPageTest" time="0">
    <skipped/>
  </testcase>
  <testcase name="openBrowser" classname="com.crm.qa.testcase.ContactsPageTest" time="0">
    <skipped/>
  </testcase>
  <testcase name="verifyContactPageTest" classname="com.crm.qa.testcase.ContactsPageTest" time="0">
    <skipped/>
  </testcase>
  <testcase name="selectContactTest" classname="com.crm.qa.testcase.ContactsPageTest" time="0">
    <skipped/>
  </testcase>
  <testcase name="createContactTest" classname="com.crm.qa.testcase.ContactsPageTest" time="0">
    <skipped/>
  </testcase>
  <testcase name="createContactTest" classname="com.crm.qa.testcase.ContactsPageTest" time="0">
    <skipped/>
  </testcase>
  <testcase name="createContactTest" classname="com.crm.qa.testcase.ContactsPageTest" time="0">
    <skipped/>
  </testcase>
</testsuite>