<?xml version="1.0" encoding="UTF-8"?>
<testng-results skipped="0" failed="1" ignored="0" total="4" passed="3">
  <reporter-output>
  </reporter-output>
  <suite name="Default suite" duration-ms="183540" started-at="2019-01-27T09:52:55Z" finished-at="2019-01-27T09:55:59Z">
    <groups>
    </groups>
    <test name="Default test" duration-ms="183540" started-at="2019-01-27T09:52:55Z" finished-at="2019-01-27T09:55:59Z">
      <class name="com.crm.qa.testcase.HomePageTest">
        <test-method status="PASS" signature="openBrowser()[pri:0, instance:com.crm.qa.testcase.HomePageTest@589838eb]" name="openBrowser" is-config="true" duration-ms="39223" started-at="2019-01-27T15:22:55Z" finished-at="2019-01-27T15:23:35Z">
          <reporter-output>
          </reporter-output>
        </test-method> <!-- openBrowser -->
        <test-method status="PASS" signature="verifyTitleTest()[pri:4, instance:com.crm.qa.testcase.HomePageTest@589838eb]" name="verifyTitleTest" duration-ms="59" started-at="2019-01-27T15:23:35Z" finished-at="2019-01-27T15:23:35Z">
          <reporter-output>
          </reporter-output>
        </test-method> <!-- verifyTitleTest -->
        <test-method status="PASS" signature="closeBrowser()[pri:0, instance:com.crm.qa.testcase.HomePageTest@589838eb]" name="closeBrowser" is-config="true" duration-ms="193" started-at="2019-01-27T15:23:35Z" finished-at="2019-01-27T15:23:35Z">
          <reporter-output>
          </reporter-output>
        </test-method> <!-- closeBrowser -->
        <test-method status="PASS" signature="openBrowser()[pri:0, instance:com.crm.qa.testcase.HomePageTest@589838eb]" name="openBrowser" is-config="true" duration-ms="56524" started-at="2019-01-27T15:23:35Z" finished-at="2019-01-27T15:24:31Z">
          <reporter-output>
          </reporter-output>
        </test-method> <!-- openBrowser -->
        <test-method status="FAIL" signature="verifyNameTest()[pri:5, instance:com.crm.qa.testcase.HomePageTest@589838eb]" name="verifyNameTest" duration-ms="233" started-at="2019-01-27T15:24:31Z" finished-at="2019-01-27T15:24:32Z">
          <exception class="java.lang.NullPointerException">
            <full-stacktrace>
              <![CDATA[java.lang.NullPointerException
	at com.crm.qa.testcase.HomePageTest.verifyNameTest(HomePageTest.java:47)
	at sun.reflect.NativeMethodAccessorImpl.invoke0(Native Method)
	at sun.reflect.NativeMethodAccessorImpl.invoke(NativeMethodAccessorImpl.java:62)
	at sun.reflect.DelegatingMethodAccessorImpl.invoke(DelegatingMethodAccessorImpl.java:43)
	at java.lang.reflect.Method.invoke(Method.java:498)
	at org.testng.internal.MethodInvocationHelper.invokeMethod(MethodInvocationHelper.java:108)
	at org.testng.internal.Invoker.invokeMethod(Invoker.java:661)
	at org.testng.internal.Invoker.invokeTestMethod(Invoker.java:869)
	at org.testng.internal.Invoker.invokeTestMethods(Invoker.java:1193)
	at org.testng.internal.TestMethodWorker.invokeTestMethods(TestMethodWorker.java:126)
	at org.testng.internal.TestMethodWorker.run(TestMethodWorker.java:109)
	at org.testng.TestRunner.privateRun(TestRunner.java:744)
	at org.testng.TestRunner.run(TestRunner.java:602)
	at org.testng.SuiteRunner.runTest(SuiteRunner.java:380)
	at org.testng.SuiteRunner.runSequentially(SuiteRunner.java:375)
	at org.testng.SuiteRunner.privateRun(SuiteRunner.java:340)
	at org.testng.SuiteRunner.run(SuiteRunner.java:289)
	at org.testng.SuiteRunnerWorker.runSuite(SuiteRunnerWorker.java:52)
	at org.testng.SuiteRunnerWorker.run(SuiteRunnerWorker.java:86)
	at org.testng.TestNG.runSuitesSequentially(TestNG.java:1301)
	at org.testng.TestNG.runSuitesLocally(TestNG.java:1226)
	at org.testng.TestNG.runSuites(TestNG.java:1144)
	at org.testng.TestNG.run(TestNG.java:1115)
	at org.testng.remote.AbstractRemoteTestNG.run(AbstractRemoteTestNG.java:114)
	at org.testng.remote.RemoteTestNG.initAndRun(RemoteTestNG.java:251)
	at org.testng.remote.RemoteTestNG.main(RemoteTestNG.java:77)
]]>
            </full-stacktrace>
          </exception> <!-- java.lang.NullPointerException -->
          <reporter-output>
          </reporter-output>
        </test-method> <!-- verifyNameTest -->
        <test-method status="PASS" signature="closeBrowser()[pri:0, instance:com.crm.qa.testcase.HomePageTest@589838eb]" name="closeBrowser" is-config="true" duration-ms="164" started-at="2019-01-27T15:24:32Z" finished-at="2019-01-27T15:24:32Z">
          <reporter-output>
          </reporter-output>
        </test-method> <!-- closeBrowser -->
        <test-method status="PASS" signature="openBrowser()[pri:0, instance:com.crm.qa.testcase.HomePageTest@589838eb]" name="openBrowser" is-config="true" duration-ms="35385" started-at="2019-01-27T15:24:32Z" finished-at="2019-01-27T15:25:07Z">
          <reporter-output>
          </reporter-output>
        </test-method> <!-- openBrowser -->
        <test-method status="PASS" signature="clickContactsTest()[pri:6, instance:com.crm.qa.testcase.HomePageTest@589838eb]" name="clickContactsTest" duration-ms="4925" started-at="2019-01-27T15:25:07Z" finished-at="2019-01-27T15:25:12Z">
          <reporter-output>
          </reporter-output>
        </test-method> <!-- clickContactsTest -->
        <test-method status="PASS" signature="closeBrowser()[pri:0, instance:com.crm.qa.testcase.HomePageTest@589838eb]" name="closeBrowser" is-config="true" duration-ms="1781" started-at="2019-01-27T15:25:12Z" finished-at="2019-01-27T15:25:14Z">
          <reporter-output>
          </reporter-output>
        </test-method> <!-- closeBrowser -->
        <test-method status="PASS" signature="openBrowser()[pri:0, instance:com.crm.qa.testcase.HomePageTest@589838eb]" name="openBrowser" is-config="true" duration-ms="41274" started-at="2019-01-27T15:25:14Z" finished-at="2019-01-27T15:25:55Z">
          <reporter-output>
          </reporter-output>
        </test-method> <!-- openBrowser -->
        <test-method status="PASS" signature="clickDealsTest()[pri:7, instance:com.crm.qa.testcase.HomePageTest@589838eb]" name="clickDealsTest" duration-ms="3315" started-at="2019-01-27T15:25:55Z" finished-at="2019-01-27T15:25:58Z">
          <reporter-output>
          </reporter-output>
        </test-method> <!-- clickDealsTest -->
        <test-method status="PASS" signature="closeBrowser()[pri:0, instance:com.crm.qa.testcase.HomePageTest@589838eb]" name="closeBrowser" is-config="true" duration-ms="385" started-at="2019-01-27T15:25:59Z" finished-at="2019-01-27T15:25:59Z">
          <reporter-output>
          </reporter-output>
        </test-method> <!-- closeBrowser -->
      </class> <!-- com.crm.qa.testcase.HomePageTest -->
    </test> <!-- Default test -->
  </suite> <!-- Default suite -->
</testng-results>
